Build started 13-12-08 21:54:19.
     1>Project "E:\Documents\C++ Projects\Overlay\OVerlay\Overlay\OVerlay.vcxproj" on node 2 (build target(s)).
     1>InitializeBuildStatus:
         Touching "Debug\OVerlay.unsuccessfulbuild".
       ClCompile:
         g:\Program Files\Microsoft Visual Studio 10.0\VC\bin\CL.exe /c /ZI /nologo /W3 /WX- /Od /Oy- /D WIN32 /D _DEBUG /D _CONSOLE /Gm /EHsc /RTC1 /MDd /GS /fp:precise /Zc:wchar_t /Zc:forScope /Fo"Debug\\" /Fd"Debug\vc100.pdb" /Gd /TP /analyze- /errorReport:prompt ProcessFinder.cpp
         ProcessFinder.cpp
       ManifestResourceCompile:
         All outputs are up-to-date.
       Link:
         g:\Program Files\Microsoft Visual Studio 10.0\VC\bin\link.exe /ERRORREPORT:PROMPT /OUT:"E:\Documents\C++ Projects\Overlay\OVerlay\Debug\OVerlay.exe" /INCREMENTAL /NOLOGO kernel32.lib user32.lib gdi32.lib winspool.lib comdlg32.lib advapi32.lib shell32.lib ole32.lib oleaut32.lib uuid.lib odbc32.lib odbccp32.lib /MANIFEST /ManifestFile:"Debug\OVerlay.exe.intermediate.manifest" /MANIFESTUAC:"level='asInvoker' uiAccess='false'" /DEBUG /PDB:"E:\Documents\C++ Projects\Overlay\OVerlay\Debug\OVerlay.pdb" /SUBSYSTEM:CONSOLE /TLBID:1 /DYNAMICBASE /NXCOMPAT /IMPLIB:"E:\Documents\C++ Projects\Overlay\OVerlay\Debug\OVerlay.lib" /MACHINE:X86 Debug\OVerlay.exe.embed.manifest.res
         Debug\main.obj
         Debug\OverlayInjector.obj
         Debug\ProcessFinder.obj
       Manifest:
         C:\Program Files\Microsoft SDKs\Windows\v7.0A\bin\mt.exe /nologo /verbose /out:"Debug\OVerlay.exe.embed.manifest" /manifest Debug\OVerlay.exe.intermediate.manifest
         All outputs are up-to-date.
       LinkEmbedManifest:
         All outputs are up-to-date.
         OVerlay.vcxproj -> E:\Documents\C++ Projects\Overlay\OVerlay\Debug\OVerlay.exe
       FinalizeBuildStatus:
         Deleting file "Debug\OVerlay.unsuccessfulbuild".
         Touching "Debug\OVerlay.lastbuildstate".
     1>Done Building Project "E:\Documents\C++ Projects\Overlay\OVerlay\Overlay\OVerlay.vcxproj" (build target(s)).

Build succeeded.

Time Elapsed 00:00:01.17
