Build started 13-12-07 13:21:19.
     1>Project "E:\Documents\C++ Projects\Overlay\OVerlay\OverlayDLL\OverlayDLL.vcxproj" on node 2 (build target(s)).
     1>InitializeBuildStatus:
         Touching "Debug\OverlayDLL.unsuccessfulbuild".
       ClCompile:
         All outputs are up-to-date.
         All outputs are up-to-date.
         g:\Program Files\Microsoft Visual Studio 10.0\VC\bin\CL.exe /c /ZI /nologo /W3 /WX- /Od /Oy- /D WIN32 /D _DEBUG /D _WINDOWS /D _USRDLL /D OVERLAYDLL_EXPORTS /D _WINDLL /Gm /EHsc /RTC1 /MDd /GS /fp:precise /Zc:wchar_t /Zc:forScope /Fo"Debug\\" /Fd"Debug\vc100.pdb" /Gd /TP /analyze- /errorReport:prompt KeyboardHandler.cpp
         KeyboardHandler.cpp
       ManifestResourceCompile:
         All outputs are up-to-date.
       Link:
         g:\Program Files\Microsoft Visual Studio 10.0\VC\bin\link.exe /ERRORREPORT:PROMPT /OUT:"E:\Documents\C++ Projects\Overlay\OVerlay\Debug\OverlayDLL.dll" /INCREMENTAL /NOLOGO kernel32.lib user32.lib gdi32.lib winspool.lib comdlg32.lib advapi32.lib shell32.lib ole32.lib oleaut32.lib uuid.lib odbc32.lib odbccp32.lib /MANIFEST /ManifestFile:"Debug\OverlayDLL.dll.intermediate.manifest" /MANIFESTUAC:"level='asInvoker' uiAccess='false'" /DEBUG /PDB:"E:\Documents\C++ Projects\Overlay\OVerlay\Debug\OverlayDLL.pdb" /SUBSYSTEM:WINDOWS /TLBID:1 /DYNAMICBASE /NXCOMPAT /IMPLIB:"E:\Documents\C++ Projects\Overlay\OVerlay\Debug\OverlayDLL.lib" /MACHINE:X86 /DLL Debug\OverlayDLL.dll.embed.manifest.res
         Debug\cpu.obj
         Debug\disasm.obj
         Debug\disasm_x86.obj
         Debug\misc.obj
         Debug\dllmain.obj
         Debug\KeyboardHandler.obj
         Debug\mhook.obj
         Debug\OverlayInitializer.obj
       Manifest:
         C:\Program Files\Microsoft SDKs\Windows\v7.0A\bin\mt.exe /nologo /verbose /out:"Debug\OverlayDLL.dll.embed.manifest" /manifest Debug\OverlayDLL.dll.intermediate.manifest
         All outputs are up-to-date.
       LinkEmbedManifest:
         All outputs are up-to-date.
         OverlayDLL.vcxproj -> E:\Documents\C++ Projects\Overlay\OVerlay\Debug\OverlayDLL.dll
       FinalizeBuildStatus:
         Deleting file "Debug\OverlayDLL.unsuccessfulbuild".
         Touching "Debug\OverlayDLL.lastbuildstate".
     1>Done Building Project "E:\Documents\C++ Projects\Overlay\OVerlay\OverlayDLL\OverlayDLL.vcxproj" (build target(s)).

Build succeeded.

Time Elapsed 00:00:01.23
